<?xml version="1.0" encoding="UTF-8"?>
<!-- Generated by org.testng.reporters.JUnitReportReporter -->
<testsuite hostname="DESKTOP-4T7HNED" failures="0" tests="1" name="com.testcases.MainTest" time="59.288" errors="0" timestamp="2023-09-18T20:22:55 IST" skipped="0">
  <testcase classname="com.testcases.MainTest" name="test" time="59.288"/>
  <system-out/>
</testsuite> <!-- com.testcases.MainTest -->
