<?xml version="1.0" encoding="UTF-8"?>
<!-- Generated by org.testng.reporters.JUnitReportReporter -->
<testsuite hostname="DESKTOP-4T7HNED" failures="0" tests="1" name="com.testcases.MainTest" time="49.520" errors="0" timestamp="2023-07-12T08:16:17 IST" skipped="0">
  <testcase classname="com.testcases.MainTest" name="test" time="49.520"/>
  <system-out/>
</testsuite> <!-- com.testcases.MainTest -->
